<?xml version="1.0" encoding="UTF-8"?>
<!-- Generated by org.testng.reporters.JUnitXMLReporter -->
<testsuite ignored="6" hostname="DESKTOP-SI180QA" failures="0" tests="3" name="chrome test" time="52.36" errors="0" timestamp="2023-01-19T07:45:34 IST">
  <testcase classname="seleniumbasics.DemoWebShop" name="TC_001_verifyDemoWebShopTitle" time="0.014"/>
  <testcase classname="seleniumbasics.DemoWebShop" name="TC_008_verifyValidLoginWithParameterHomework" time="2.112"/>
  <testcase classname="seleniumbasics.DemoWebShop" name="TC_009_verifyRegistrationWithExcelAndRandomDataGeneration" time="4.409"/>
  <testcase classname="seleniumbasics.DemoWebShop" name="TC_004_verifyDemoWebShopTitleWithExcelHomeWork" time="0.0">
    <ignored/>
  </testcase> <!-- TC_004_verifyDemoWebShopTitleWithExcelHomeWork -->
  <testcase classname="seleniumbasics.DemoWebShop" name="TC_005_verifyInvalidLoginWithDataProvider" time="0.0">
    <ignored/>
  </testcase> <!-- TC_005_verifyInvalidLoginWithDataProvider -->
  <testcase classname="seleniumbasics.DemoWebShop" name="TC_006_verifyRegistrationDataRandomGeneration" time="0.0">
    <ignored/>
  </testcase> <!-- TC_006_verifyRegistrationDataRandomGeneration -->
  <testcase classname="seleniumbasics.DemoWebShop" name="TC_007_verifyValidLoginWithDataProviderHomework" time="0.0">
    <ignored/>
  </testcase> <!-- TC_007_verifyValidLoginWithDataProviderHomework -->
  <testcase classname="seleniumbasics.DemoWebShop" name="TC_003_verifyRegistration" time="0.0">
    <ignored/>
  </testcase> <!-- TC_003_verifyRegistration -->
  <testcase classname="seleniumbasics.DemoWebShop" name="TC_002_verifyLogin" time="0.0">
    <ignored/>
  </testcase> <!-- TC_002_verifyLogin -->
</testsuite> <!-- chrome test -->
