<?xml version="1.0" encoding="UTF-8"?>
<!-- Generated by org.testng.reporters.JUnitXMLReporter -->
<testsuite ignored="6" hostname="DESKTOP-SI180QA" failures="0" tests="2" name="Parameter test" time="29.769" errors="0" timestamp="2023-01-17T17:53:45 IST">
  <testcase classname="seleniumbasics.DemoWebShop" name="TC_007_verifyValidLoginHomework" time="1.115"/>
  <testcase classname="seleniumbasics.DemoWebShop" name="TC_007_verifyValidLoginHomework" time="1.304"/>
  <testcase classname="seleniumbasics.DemoWebShop" name="TC_002_verifyLogin" time="0.0">
    <ignored/>
  </testcase> <!-- TC_002_verifyLogin -->
  <testcase classname="seleniumbasics.DemoWebShop" name="TC_006_verifyRegistrationDataRandomGeneration" time="0.0">
    <ignored/>
  </testcase> <!-- TC_006_verifyRegistrationDataRandomGeneration -->
  <testcase classname="seleniumbasics.DemoWebShop" name="TC_003_verifyRegistration" time="0.0">
    <ignored/>
  </testcase> <!-- TC_003_verifyRegistration -->
  <testcase classname="seleniumbasics.DemoWebShop" name="TC_005_verifyInvalidLogin" time="0.0">
    <ignored/>
  </testcase> <!-- TC_005_verifyInvalidLogin -->
  <testcase classname="seleniumbasics.DemoWebShop" name="TC_001_verifyDemoWebShopTitle" time="0.0">
    <ignored/>
  </testcase> <!-- TC_001_verifyDemoWebShopTitle -->
  <testcase classname="seleniumbasics.DemoWebShop" name="TC_004_verifyDemoWebShopTitleHomeWork" time="0.0">
    <ignored/>
  </testcase> <!-- TC_004_verifyDemoWebShopTitleHomeWork -->
</testsuite> <!-- Parameter test -->
