<?xml version="1.0" encoding="UTF-8"?>
<testng-results ignored="8" total="9" passed="1" failed="0" skipped="0">
  <reporter-output>
  </reporter-output>
  <suite started-at="2023-01-18T13:06:25 IST" name="Parameter suite" finished-at="2023-01-18T13:07:05 IST" duration-ms="40251">
    <groups>
    </groups>
    <test started-at="2023-01-18T13:06:25 IST" name="Parameter test" finished-at="2023-01-18T13:07:05 IST" duration-ms="40251">
      <class name="seleniumbasics.DemoWebShop">
        <test-method is-config="true" signature="setUp(java.lang.String,java.lang.String)[pri:0, instance:seleniumbasics.DemoWebShop@229d10bd]" started-at="2023-01-18T13:06:25 IST" name="setUp" finished-at="2023-01-18T13:06:46 IST" duration-ms="20760" status="PASS">
          <params>
            <param index="0">
              <value>
                <![CDATA[chrome]]>
              </value>
            </param>
            <param index="1">
              <value>
                <![CDATA[https://demowebshop.tricentis.com/]]>
              </value>
            </param>
          </params>
          <reporter-output>
          </reporter-output>
        </test-method> <!-- setUp -->
        <test-method signature="TC_009_verifyRegistrationWithExcelAndRandomDataGeneration()[pri:0, instance:seleniumbasics.DemoWebShop@229d10bd]" started-at="2023-01-18T13:06:46 IST" name="TC_009_verifyRegistrationWithExcelAndRandomDataGeneration" finished-at="2023-01-18T13:06:49 IST" duration-ms="3224" status="PASS">
          <reporter-output>
          </reporter-output>
        </test-method> <!-- TC_009_verifyRegistrationWithExcelAndRandomDataGeneration -->
        <test-method is-config="true" signature="tearDown(org.testng.ITestResult)[pri:0, instance:seleniumbasics.DemoWebShop@229d10bd]" started-at="2023-01-18T13:06:49 IST" name="tearDown" finished-at="2023-01-18T13:07:05 IST" duration-ms="16223" status="PASS">
          <params>
            <param index="0">
              <value>
                <![CDATA[[TestResult name=TC_009_verifyRegistrationWithExcelAndRandomDataGeneration status=SUCCESS method=DemoWebShop.TC_009_verifyRegistrationWithExcelAndRandomDataGeneration()[pri:0, instance:seleniumbasics.DemoWebShop@229d10bd] output={null}]]]>
              </value>
            </param>
          </params>
          <reporter-output>
          </reporter-output>
        </test-method> <!-- tearDown -->
      </class> <!-- seleniumbasics.DemoWebShop -->
    </test> <!-- Parameter test -->
  </suite> <!-- Parameter suite -->
</testng-results>
